05/01/2024 14:36:36:700 ERROR - In Progress | session id:sess7930304 | SampleBankingDynamic:UserInput |  | com.avaya.sce.runtimecommon.SCERuntimeException: Invalid Data Collection in form UserInput, missing reference to next flow node | Exception stack trace | Error processing request
 EXCEPTION> 
com.avaya.sce.runtimecommon.SCERuntimeException: Invalid Data Collection in form UserInput, missing reference to next flow node
	at com.avaya.sce.runtimecommon.SCESession.throwRTException(SCESession.java:2622)
	at com.avaya.sce.runtime.Data.handleRequest(Data.java:147)
	at com.avaya.sce.runtime.AppServlet.processRequest(AppServlet.java:96)
	at com.avaya.sce.runtime.SCEServlet.requestHandler(SCEServlet.java:247)
	at com.avaya.sce.runtime.SCEServlet.doPost(SCEServlet.java:148)
	at javax.servlet.http.HttpServlet.service(HttpServlet.java:660)
	at javax.servlet.http.HttpServlet.service(HttpServlet.java:741)
	at org.apache.catalina.core.ApplicationFilterChain.internalDoFilter(ApplicationFilterChain.java:231)
	at org.apache.catalina.core.ApplicationFilterChain.doFilter(ApplicationFilterChain.java:166)
	at org.apache.tomcat.websocket.server.WsFilter.doFilter(WsFilter.java:53)
	at org.apache.catalina.core.ApplicationFilterChain.internalDoFilter(ApplicationFilterChain.java:193)
	at org.apache.catalina.core.ApplicationFilterChain.doFilter(ApplicationFilterChain.java:166)
	at org.apache.catalina.core.StandardWrapperValve.invoke(StandardWrapperValve.java:202)
	at org.apache.catalina.core.StandardContextValve.invoke(StandardContextValve.java:96)
	at org.apache.catalina.authenticator.AuthenticatorBase.invoke(AuthenticatorBase.java:541)
	at org.apache.catalina.core.StandardHostValve.invoke(StandardHostValve.java:139)
	at org.apache.catalina.valves.ErrorReportValve.invoke(ErrorReportValve.java:92)
	at org.apache.catalina.valves.AbstractAccessLogValve.invoke(AbstractAccessLogValve.java:678)
	at org.apache.catalina.core.StandardEngineValve.invoke(StandardEngineValve.java:74)
	at org.apache.catalina.connector.CoyoteAdapter.service(CoyoteAdapter.java:343)
	at org.apache.coyote.http11.Http11Processor.service(Http11Processor.java:367)
	at org.apache.coyote.AbstractProcessorLight.process(AbstractProcessorLight.java:65)
	at org.apache.coyote.AbstractProtocol$ConnectionHandler.process(AbstractProtocol.java:860)
	at org.apache.tomcat.util.net.NioEndpoint$SocketProcessor.doRun(NioEndpoint.java:1598)
	at org.apache.tomcat.util.net.SocketProcessorBase.run(SocketProcessorBase.java:49)
	at java.util.concurrent.ThreadPoolExecutor.runWorker(Unknown Source)
	at java.util.concurrent.ThreadPoolExecutor$Worker.run(Unknown Source)
	at org.apache.tomcat.util.threads.TaskThread$WrappingRunnable.run(TaskThread.java:61)
	at java.lang.Thread.run(Unknown Source)
 | undefined
05/01/2024 14:44:47:099 ERROR - In Progress | session id:sess5451232 | SampleBankingDynamic:UserInput |  | com.avaya.sce.runtimecommon.SCERuntimeException: Invalid Data Collection in form UserInput, missing reference to next flow node | Exception stack trace | Error processing request
 EXCEPTION> 
com.avaya.sce.runtimecommon.SCERuntimeException: Invalid Data Collection in form UserInput, missing reference to next flow node
	at com.avaya.sce.runtimecommon.SCESession.throwRTException(SCESession.java:2622)
	at com.avaya.sce.runtime.Data.handleRequest(Data.java:147)
	at com.avaya.sce.runtime.AppServlet.processRequest(AppServlet.java:96)
	at com.avaya.sce.runtime.SCEServlet.requestHandler(SCEServlet.java:247)
	at com.avaya.sce.runtime.SCEServlet.doPost(SCEServlet.java:148)
	at javax.servlet.http.HttpServlet.service(HttpServlet.java:660)
	at javax.servlet.http.HttpServlet.service(HttpServlet.java:741)
	at org.apache.catalina.core.ApplicationFilterChain.internalDoFilter(ApplicationFilterChain.java:231)
	at org.apache.catalina.core.ApplicationFilterChain.doFilter(ApplicationFilterChain.java:166)
	at org.apache.tomcat.websocket.server.WsFilter.doFilter(WsFilter.java:53)
	at org.apache.catalina.core.ApplicationFilterChain.internalDoFilter(ApplicationFilterChain.java:193)
	at org.apache.catalina.core.ApplicationFilterChain.doFilter(ApplicationFilterChain.java:166)
	at org.apache.catalina.core.StandardWrapperValve.invoke(StandardWrapperValve.java:202)
	at org.apache.catalina.core.StandardContextValve.invoke(StandardContextValve.java:96)
	at org.apache.catalina.authenticator.AuthenticatorBase.invoke(AuthenticatorBase.java:541)
	at org.apache.catalina.core.StandardHostValve.invoke(StandardHostValve.java:139)
	at org.apache.catalina.valves.ErrorReportValve.invoke(ErrorReportValve.java:92)
	at org.apache.catalina.valves.AbstractAccessLogValve.invoke(AbstractAccessLogValve.java:678)
	at org.apache.catalina.core.StandardEngineValve.invoke(StandardEngineValve.java:74)
	at org.apache.catalina.connector.CoyoteAdapter.service(CoyoteAdapter.java:343)
	at org.apache.coyote.http11.Http11Processor.service(Http11Processor.java:367)
	at org.apache.coyote.AbstractProcessorLight.process(AbstractProcessorLight.java:65)
	at org.apache.coyote.AbstractProtocol$ConnectionHandler.process(AbstractProtocol.java:860)
	at org.apache.tomcat.util.net.NioEndpoint$SocketProcessor.doRun(NioEndpoint.java:1598)
	at org.apache.tomcat.util.net.SocketProcessorBase.run(SocketProcessorBase.java:49)
	at java.util.concurrent.ThreadPoolExecutor.runWorker(Unknown Source)
	at java.util.concurrent.ThreadPoolExecutor$Worker.run(Unknown Source)
	at org.apache.tomcat.util.threads.TaskThread$WrappingRunnable.run(TaskThread.java:61)
	at java.lang.Thread.run(Unknown Source)
 | undefined
05/01/2024 14:46:07:138 ERROR - In Progress | session id:sess2808946 | SampleBankingDynamic:UserInput |  | com.avaya.sce.runtimecommon.SCERuntimeException: Invalid Data Collection in form UserInput, missing reference to next flow node | Exception stack trace | Error processing request
 EXCEPTION> 
com.avaya.sce.runtimecommon.SCERuntimeException: Invalid Data Collection in form UserInput, missing reference to next flow node
	at com.avaya.sce.runtimecommon.SCESession.throwRTException(SCESession.java:2622)
	at com.avaya.sce.runtime.Data.handleRequest(Data.java:147)
	at com.avaya.sce.runtime.AppServlet.processRequest(AppServlet.java:96)
	at com.avaya.sce.runtime.SCEServlet.requestHandler(SCEServlet.java:247)
	at com.avaya.sce.runtime.SCEServlet.doPost(SCEServlet.java:148)
	at javax.servlet.http.HttpServlet.service(HttpServlet.java:660)
	at javax.servlet.http.HttpServlet.service(HttpServlet.java:741)
	at org.apache.catalina.core.ApplicationFilterChain.internalDoFilter(ApplicationFilterChain.java:231)
	at org.apache.catalina.core.ApplicationFilterChain.doFilter(ApplicationFilterChain.java:166)
	at org.apache.tomcat.websocket.server.WsFilter.doFilter(WsFilter.java:53)
	at org.apache.catalina.core.ApplicationFilterChain.internalDoFilter(ApplicationFilterChain.java:193)
	at org.apache.catalina.core.ApplicationFilterChain.doFilter(ApplicationFilterChain.java:166)
	at org.apache.catalina.core.StandardWrapperValve.invoke(StandardWrapperValve.java:202)
	at org.apache.catalina.core.StandardContextValve.invoke(StandardContextValve.java:96)
	at org.apache.catalina.authenticator.AuthenticatorBase.invoke(AuthenticatorBase.java:541)
	at org.apache.catalina.core.StandardHostValve.invoke(StandardHostValve.java:139)
	at org.apache.catalina.valves.ErrorReportValve.invoke(ErrorReportValve.java:92)
	at org.apache.catalina.valves.AbstractAccessLogValve.invoke(AbstractAccessLogValve.java:678)
	at org.apache.catalina.core.StandardEngineValve.invoke(StandardEngineValve.java:74)
	at org.apache.catalina.connector.CoyoteAdapter.service(CoyoteAdapter.java:343)
	at org.apache.coyote.http11.Http11Processor.service(Http11Processor.java:367)
	at org.apache.coyote.AbstractProcessorLight.process(AbstractProcessorLight.java:65)
	at org.apache.coyote.AbstractProtocol$ConnectionHandler.process(AbstractProtocol.java:860)
	at org.apache.tomcat.util.net.NioEndpoint$SocketProcessor.doRun(NioEndpoint.java:1598)
	at org.apache.tomcat.util.net.SocketProcessorBase.run(SocketProcessorBase.java:49)
	at java.util.concurrent.ThreadPoolExecutor.runWorker(Unknown Source)
	at java.util.concurrent.ThreadPoolExecutor$Worker.run(Unknown Source)
	at org.apache.tomcat.util.threads.TaskThread$WrappingRunnable.run(TaskThread.java:61)
	at java.lang.Thread.run(Unknown Source)
 | undefined
05/01/2024 14:49:09:094 ERROR - In Progress | session id:sess8845237 | SampleBankingDynamic:UserInput |  | com.avaya.sce.runtimecommon.SCERuntimeException: Invalid Data Collection in form UserInput, missing reference to next flow node | Exception stack trace | Error processing request
 EXCEPTION> 
com.avaya.sce.runtimecommon.SCERuntimeException: Invalid Data Collection in form UserInput, missing reference to next flow node
	at com.avaya.sce.runtimecommon.SCESession.throwRTException(SCESession.java:2622)
	at com.avaya.sce.runtime.Data.handleRequest(Data.java:147)
	at com.avaya.sce.runtime.AppServlet.processRequest(AppServlet.java:96)
	at com.avaya.sce.runtime.SCEServlet.requestHandler(SCEServlet.java:247)
	at com.avaya.sce.runtime.SCEServlet.doPost(SCEServlet.java:148)
	at javax.servlet.http.HttpServlet.service(HttpServlet.java:660)
	at javax.servlet.http.HttpServlet.service(HttpServlet.java:741)
	at org.apache.catalina.core.ApplicationFilterChain.internalDoFilter(ApplicationFilterChain.java:231)
	at org.apache.catalina.core.ApplicationFilterChain.doFilter(ApplicationFilterChain.java:166)
	at org.apache.tomcat.websocket.server.WsFilter.doFilter(WsFilter.java:53)
	at org.apache.catalina.core.ApplicationFilterChain.internalDoFilter(ApplicationFilterChain.java:193)
	at org.apache.catalina.core.ApplicationFilterChain.doFilter(ApplicationFilterChain.java:166)
	at org.apache.catalina.core.StandardWrapperValve.invoke(StandardWrapperValve.java:202)
	at org.apache.catalina.core.StandardContextValve.invoke(StandardContextValve.java:96)
	at org.apache.catalina.authenticator.AuthenticatorBase.invoke(AuthenticatorBase.java:541)
	at org.apache.catalina.core.StandardHostValve.invoke(StandardHostValve.java:139)
	at org.apache.catalina.valves.ErrorReportValve.invoke(ErrorReportValve.java:92)
	at org.apache.catalina.valves.AbstractAccessLogValve.invoke(AbstractAccessLogValve.java:678)
	at org.apache.catalina.core.StandardEngineValve.invoke(StandardEngineValve.java:74)
	at org.apache.catalina.connector.CoyoteAdapter.service(CoyoteAdapter.java:343)
	at org.apache.coyote.http11.Http11Processor.service(Http11Processor.java:367)
	at org.apache.coyote.AbstractProcessorLight.process(AbstractProcessorLight.java:65)
	at org.apache.coyote.AbstractProtocol$ConnectionHandler.process(AbstractProtocol.java:860)
	at org.apache.tomcat.util.net.NioEndpoint$SocketProcessor.doRun(NioEndpoint.java:1598)
	at org.apache.tomcat.util.net.SocketProcessorBase.run(SocketProcessorBase.java:49)
	at java.util.concurrent.ThreadPoolExecutor.runWorker(Unknown Source)
	at java.util.concurrent.ThreadPoolExecutor$Worker.run(Unknown Source)
	at org.apache.tomcat.util.threads.TaskThread$WrappingRunnable.run(TaskThread.java:61)
	at java.lang.Thread.run(Unknown Source)
 | undefined
05/01/2024 14:51:33:298 ERROR - In Progress | session id:sess4558285 | SampleBankingDynamic:UserInput |  | com.avaya.sce.runtimecommon.SCERuntimeException: Invalid Data Collection in form UserInput, missing reference to next flow node | Exception stack trace | Error processing request
 EXCEPTION> 
com.avaya.sce.runtimecommon.SCERuntimeException: Invalid Data Collection in form UserInput, missing reference to next flow node
	at com.avaya.sce.runtimecommon.SCESession.throwRTException(SCESession.java:2622)
	at com.avaya.sce.runtime.Data.handleRequest(Data.java:147)
	at com.avaya.sce.runtime.AppServlet.processRequest(AppServlet.java:96)
	at com.avaya.sce.runtime.SCEServlet.requestHandler(SCEServlet.java:247)
	at com.avaya.sce.runtime.SCEServlet.doPost(SCEServlet.java:148)
	at javax.servlet.http.HttpServlet.service(HttpServlet.java:660)
	at javax.servlet.http.HttpServlet.service(HttpServlet.java:741)
	at org.apache.catalina.core.ApplicationFilterChain.internalDoFilter(ApplicationFilterChain.java:231)
	at org.apache.catalina.core.ApplicationFilterChain.doFilter(ApplicationFilterChain.java:166)
	at org.apache.tomcat.websocket.server.WsFilter.doFilter(WsFilter.java:53)
	at org.apache.catalina.core.ApplicationFilterChain.internalDoFilter(ApplicationFilterChain.java:193)
	at org.apache.catalina.core.ApplicationFilterChain.doFilter(ApplicationFilterChain.java:166)
	at org.apache.catalina.core.StandardWrapperValve.invoke(StandardWrapperValve.java:202)
	at org.apache.catalina.core.StandardContextValve.invoke(StandardContextValve.java:96)
	at org.apache.catalina.authenticator.AuthenticatorBase.invoke(AuthenticatorBase.java:541)
	at org.apache.catalina.core.StandardHostValve.invoke(StandardHostValve.java:139)
	at org.apache.catalina.valves.ErrorReportValve.invoke(ErrorReportValve.java:92)
	at org.apache.catalina.valves.AbstractAccessLogValve.invoke(AbstractAccessLogValve.java:678)
	at org.apache.catalina.core.StandardEngineValve.invoke(StandardEngineValve.java:74)
	at org.apache.catalina.connector.CoyoteAdapter.service(CoyoteAdapter.java:343)
	at org.apache.coyote.http11.Http11Processor.service(Http11Processor.java:367)
	at org.apache.coyote.AbstractProcessorLight.process(AbstractProcessorLight.java:65)
	at org.apache.coyote.AbstractProtocol$ConnectionHandler.process(AbstractProtocol.java:860)
	at org.apache.tomcat.util.net.NioEndpoint$SocketProcessor.doRun(NioEndpoint.java:1598)
	at org.apache.tomcat.util.net.SocketProcessorBase.run(SocketProcessorBase.java:49)
	at java.util.concurrent.ThreadPoolExecutor.runWorker(Unknown Source)
	at java.util.concurrent.ThreadPoolExecutor$Worker.run(Unknown Source)
	at org.apache.tomcat.util.threads.TaskThread$WrappingRunnable.run(TaskThread.java:61)
	at java.lang.Thread.run(Unknown Source)
 | undefined
05/01/2024 14:54:27:898 ERROR - In Progress | session id:sess3223234 | SampleBankingDynamic:UserInput |  | com.avaya.sce.runtimecommon.SCERuntimeException: Invalid Data Collection in form UserInput, missing reference to next flow node | Exception stack trace | Error processing request
 EXCEPTION> 
com.avaya.sce.runtimecommon.SCERuntimeException: Invalid Data Collection in form UserInput, missing reference to next flow node
	at com.avaya.sce.runtimecommon.SCESession.throwRTException(SCESession.java:2622)
	at com.avaya.sce.runtime.Data.handleRequest(Data.java:147)
	at com.avaya.sce.runtime.AppServlet.processRequest(AppServlet.java:96)
	at com.avaya.sce.runtime.SCEServlet.requestHandler(SCEServlet.java:247)
	at com.avaya.sce.runtime.SCEServlet.doPost(SCEServlet.java:148)
	at javax.servlet.http.HttpServlet.service(HttpServlet.java:660)
	at javax.servlet.http.HttpServlet.service(HttpServlet.java:741)
	at org.apache.catalina.core.ApplicationFilterChain.internalDoFilter(ApplicationFilterChain.java:231)
	at org.apache.catalina.core.ApplicationFilterChain.doFilter(ApplicationFilterChain.java:166)
	at org.apache.tomcat.websocket.server.WsFilter.doFilter(WsFilter.java:53)
	at org.apache.catalina.core.ApplicationFilterChain.internalDoFilter(ApplicationFilterChain.java:193)
	at org.apache.catalina.core.ApplicationFilterChain.doFilter(ApplicationFilterChain.java:166)
	at org.apache.catalina.core.StandardWrapperValve.invoke(StandardWrapperValve.java:202)
	at org.apache.catalina.core.StandardContextValve.invoke(StandardContextValve.java:96)
	at org.apache.catalina.authenticator.AuthenticatorBase.invoke(AuthenticatorBase.java:541)
	at org.apache.catalina.core.StandardHostValve.invoke(StandardHostValve.java:139)
	at org.apache.catalina.valves.ErrorReportValve.invoke(ErrorReportValve.java:92)
	at org.apache.catalina.valves.AbstractAccessLogValve.invoke(AbstractAccessLogValve.java:678)
	at org.apache.catalina.core.StandardEngineValve.invoke(StandardEngineValve.java:74)
	at org.apache.catalina.connector.CoyoteAdapter.service(CoyoteAdapter.java:343)
	at org.apache.coyote.http11.Http11Processor.service(Http11Processor.java:367)
	at org.apache.coyote.AbstractProcessorLight.process(AbstractProcessorLight.java:65)
	at org.apache.coyote.AbstractProtocol$ConnectionHandler.process(AbstractProtocol.java:860)
	at org.apache.tomcat.util.net.NioEndpoint$SocketProcessor.doRun(NioEndpoint.java:1598)
	at org.apache.tomcat.util.net.SocketProcessorBase.run(SocketProcessorBase.java:49)
	at java.util.concurrent.ThreadPoolExecutor.runWorker(Unknown Source)
	at java.util.concurrent.ThreadPoolExecutor$Worker.run(Unknown Source)
	at org.apache.tomcat.util.threads.TaskThread$WrappingRunnable.run(TaskThread.java:61)
	at java.lang.Thread.run(Unknown Source)
 | undefined
05/01/2024 14:57:09:732 ERROR - In Progress | session id:sess3164450 | SampleBankingDynamic:UserInput |  | com.avaya.sce.runtimecommon.SCERuntimeException: Invalid Data Collection in form UserInput, missing reference to next flow node | Exception stack trace | Error processing request
 EXCEPTION> 
com.avaya.sce.runtimecommon.SCERuntimeException: Invalid Data Collection in form UserInput, missing reference to next flow node
	at com.avaya.sce.runtimecommon.SCESession.throwRTException(SCESession.java:2622)
	at com.avaya.sce.runtime.Data.handleRequest(Data.java:147)
	at com.avaya.sce.runtime.AppServlet.processRequest(AppServlet.java:96)
	at com.avaya.sce.runtime.SCEServlet.requestHandler(SCEServlet.java:247)
	at com.avaya.sce.runtime.SCEServlet.doPost(SCEServlet.java:148)
	at javax.servlet.http.HttpServlet.service(HttpServlet.java:660)
	at javax.servlet.http.HttpServlet.service(HttpServlet.java:741)
	at org.apache.catalina.core.ApplicationFilterChain.internalDoFilter(ApplicationFilterChain.java:231)
	at org.apache.catalina.core.ApplicationFilterChain.doFilter(ApplicationFilterChain.java:166)
	at org.apache.tomcat.websocket.server.WsFilter.doFilter(WsFilter.java:53)
	at org.apache.catalina.core.ApplicationFilterChain.internalDoFilter(ApplicationFilterChain.java:193)
	at org.apache.catalina.core.ApplicationFilterChain.doFilter(ApplicationFilterChain.java:166)
	at org.apache.catalina.core.StandardWrapperValve.invoke(StandardWrapperValve.java:202)
	at org.apache.catalina.core.StandardContextValve.invoke(StandardContextValve.java:96)
	at org.apache.catalina.authenticator.AuthenticatorBase.invoke(AuthenticatorBase.java:541)
	at org.apache.catalina.core.StandardHostValve.invoke(StandardHostValve.java:139)
	at org.apache.catalina.valves.ErrorReportValve.invoke(ErrorReportValve.java:92)
	at org.apache.catalina.valves.AbstractAccessLogValve.invoke(AbstractAccessLogValve.java:678)
	at org.apache.catalina.core.StandardEngineValve.invoke(StandardEngineValve.java:74)
	at org.apache.catalina.connector.CoyoteAdapter.service(CoyoteAdapter.java:343)
	at org.apache.coyote.http11.Http11Processor.service(Http11Processor.java:367)
	at org.apache.coyote.AbstractProcessorLight.process(AbstractProcessorLight.java:65)
	at org.apache.coyote.AbstractProtocol$ConnectionHandler.process(AbstractProtocol.java:860)
	at org.apache.tomcat.util.net.NioEndpoint$SocketProcessor.doRun(NioEndpoint.java:1598)
	at org.apache.tomcat.util.net.SocketProcessorBase.run(SocketProcessorBase.java:49)
	at java.util.concurrent.ThreadPoolExecutor.runWorker(Unknown Source)
	at java.util.concurrent.ThreadPoolExecutor$Worker.run(Unknown Source)
	at org.apache.tomcat.util.threads.TaskThread$WrappingRunnable.run(TaskThread.java:61)
	at java.lang.Thread.run(Unknown Source)
 | undefined
05/01/2024 14:59:25:652 ERROR - In Progress | session id:sess5218340 | SampleBankingDynamic:UserInput |  | com.avaya.sce.runtimecommon.SCERuntimeException: Invalid Data Collection in form UserInput, missing reference to next flow node | Exception stack trace | Error processing request
 EXCEPTION> 
com.avaya.sce.runtimecommon.SCERuntimeException: Invalid Data Collection in form UserInput, missing reference to next flow node
	at com.avaya.sce.runtimecommon.SCESession.throwRTException(SCESession.java:2622)
	at com.avaya.sce.runtime.Data.handleRequest(Data.java:147)
	at com.avaya.sce.runtime.AppServlet.processRequest(AppServlet.java:96)
	at com.avaya.sce.runtime.SCEServlet.requestHandler(SCEServlet.java:247)
	at com.avaya.sce.runtime.SCEServlet.doPost(SCEServlet.java:148)
	at javax.servlet.http.HttpServlet.service(HttpServlet.java:660)
	at javax.servlet.http.HttpServlet.service(HttpServlet.java:741)
	at org.apache.catalina.core.ApplicationFilterChain.internalDoFilter(ApplicationFilterChain.java:231)
	at org.apache.catalina.core.ApplicationFilterChain.doFilter(ApplicationFilterChain.java:166)
	at org.apache.tomcat.websocket.server.WsFilter.doFilter(WsFilter.java:53)
	at org.apache.catalina.core.ApplicationFilterChain.internalDoFilter(ApplicationFilterChain.java:193)
	at org.apache.catalina.core.ApplicationFilterChain.doFilter(ApplicationFilterChain.java:166)
	at org.apache.catalina.core.StandardWrapperValve.invoke(StandardWrapperValve.java:202)
	at org.apache.catalina.core.StandardContextValve.invoke(StandardContextValve.java:96)
	at org.apache.catalina.authenticator.AuthenticatorBase.invoke(AuthenticatorBase.java:541)
	at org.apache.catalina.core.StandardHostValve.invoke(StandardHostValve.java:139)
	at org.apache.catalina.valves.ErrorReportValve.invoke(ErrorReportValve.java:92)
	at org.apache.catalina.valves.AbstractAccessLogValve.invoke(AbstractAccessLogValve.java:678)
	at org.apache.catalina.core.StandardEngineValve.invoke(StandardEngineValve.java:74)
	at org.apache.catalina.connector.CoyoteAdapter.service(CoyoteAdapter.java:343)
	at org.apache.coyote.http11.Http11Processor.service(Http11Processor.java:367)
	at org.apache.coyote.AbstractProcessorLight.process(AbstractProcessorLight.java:65)
	at org.apache.coyote.AbstractProtocol$ConnectionHandler.process(AbstractProtocol.java:860)
	at org.apache.tomcat.util.net.NioEndpoint$SocketProcessor.doRun(NioEndpoint.java:1598)
	at org.apache.tomcat.util.net.SocketProcessorBase.run(SocketProcessorBase.java:49)
	at java.util.concurrent.ThreadPoolExecutor.runWorker(Unknown Source)
	at java.util.concurrent.ThreadPoolExecutor$Worker.run(Unknown Source)
	at org.apache.tomcat.util.threads.TaskThread$WrappingRunnable.run(TaskThread.java:61)
	at java.lang.Thread.run(Unknown Source)
 | undefined
05/01/2024 15:36:38:616  INFO - In Progress | session id:sess6005825 | SampleBankingDynamic:AvayaDefaultDisconnectHandler | Default Disconnect Handler | Default connection.disconnect handler caught disconnect, application exiting |  |  | undefined
05/01/2024 15:36:58:144  INFO - In Progress | session id:sess5760998 | SampleBankingDynamic:AvayaDefaultDisconnectHandler | Default Disconnect Handler | Default connection.disconnect handler caught disconnect, application exiting |  |  | undefined
05/01/2024 16:00:19:017  INFO - In Progress | session id:sess3011190 | SampleBankingDynamic:AvayaDefaultDisconnectHandler | Default Disconnect Handler | Default connection.disconnect handler caught disconnect, application exiting |  |  | undefined
05/01/2024 18:10:28:130  INFO - In Progress | session id:sess6426549 | SampleBankingDynamic:AvayaDefaultDisconnectHandler | Default Disconnect Handler | Default connection.disconnect handler caught disconnect, application exiting |  |  | undefined
05/01/2024 19:08:32:386  INFO - In Progress | session id:sess4284477 | SampleBankingDynamic:AvayaDefaultDisconnectHandler | Default Disconnect Handler | Default connection.disconnect handler caught disconnect, application exiting |  |  | undefined
06/01/2024 12:10:12:945  INFO - In Progress | session id:sess882118 | SampleBankingDynamic:AvayaDefaultDisconnectHandler | Default Disconnect Handler | Default connection.disconnect handler caught disconnect, application exiting |  |  | undefined
06/01/2024 12:20:04:494  INFO - In Progress | session id:sess1365765 | SampleBankingDynamic:AvayaDefaultDisconnectHandler | Default Disconnect Handler | Default connection.disconnect handler caught disconnect, application exiting |  |  | undefined
06/01/2024 13:30:04:223 ERROR - In Progress | session id:sess5321200 | SampleBankingDynamic:CheckAccountBalance-AnnBal |  | com.avaya.sce.runtimecommon.SCERuntimeException: Unable to get session variable: 45000.wav | Exception stack trace | Error processing request
 EXCEPTION> 
com.avaya.sce.runtimecommon.SCERuntimeException: Unable to get session variable: 45000.wav
	at com.avaya.sce.runtime.PhraseVariableElement.getPhrases(PhraseVariableElement.java:324)
	at com.avaya.sce.runtime.vxml.OutputGenerator.promptMiddle(OutputGenerator.java:1047)
	at com.avaya.sce.runtime.Prompt.generate(Prompt.java:279)
	at com.avaya.sce.runtime.Form.handleRequest(Form.java:263)
	at com.avaya.sce.runtime.AppDocument.processRequest(AppDocument.java:343)
	at com.avaya.sce.runtime.SCEServlet.requestHandler(SCEServlet.java:247)
	at com.avaya.sce.runtime.SCEServlet.doPost(SCEServlet.java:148)
	at javax.servlet.http.HttpServlet.service(HttpServlet.java:660)
	at javax.servlet.http.HttpServlet.service(HttpServlet.java:741)
	at org.apache.catalina.core.ApplicationFilterChain.internalDoFilter(ApplicationFilterChain.java:231)
	at org.apache.catalina.core.ApplicationFilterChain.doFilter(ApplicationFilterChain.java:166)
	at org.apache.tomcat.websocket.server.WsFilter.doFilter(WsFilter.java:53)
	at org.apache.catalina.core.ApplicationFilterChain.internalDoFilter(ApplicationFilterChain.java:193)
	at org.apache.catalina.core.ApplicationFilterChain.doFilter(ApplicationFilterChain.java:166)
	at org.apache.catalina.core.ApplicationDispatcher.invoke(ApplicationDispatcher.java:712)
	at org.apache.catalina.core.ApplicationDispatcher.processRequest(ApplicationDispatcher.java:459)
	at org.apache.catalina.core.ApplicationDispatcher.doForward(ApplicationDispatcher.java:384)
	at org.apache.catalina.core.ApplicationDispatcher.forward(ApplicationDispatcher.java:312)
	at com.avaya.sce.runtime.SCEServlet.forward(SCEServlet.java:1454)
	at com.avaya.sce.runtime.Data.handleRequest(Data.java:184)
	at com.avaya.sce.runtime.AppServlet.processRequest(AppServlet.java:96)
	at com.avaya.sce.runtime.SCEServlet.requestHandler(SCEServlet.java:247)
	at com.avaya.sce.runtime.SCEServlet.doPost(SCEServlet.java:148)
	at javax.servlet.http.HttpServlet.service(HttpServlet.java:660)
	at javax.servlet.http.HttpServlet.service(HttpServlet.java:741)
	at org.apache.catalina.core.ApplicationFilterChain.internalDoFilter(ApplicationFilterChain.java:231)
	at org.apache.catalina.core.ApplicationFilterChain.doFilter(ApplicationFilterChain.java:166)
	at org.apache.tomcat.websocket.server.WsFilter.doFilter(WsFilter.java:53)
	at org.apache.catalina.core.ApplicationFilterChain.internalDoFilter(ApplicationFilterChain.java:193)
	at org.apache.catalina.core.ApplicationFilterChain.doFilter(ApplicationFilterChain.java:166)
	at org.apache.catalina.core.ApplicationDispatcher.invoke(ApplicationDispatcher.java:712)
	at org.apache.catalina.core.ApplicationDispatcher.processRequest(ApplicationDispatcher.java:459)
	at org.apache.catalina.core.ApplicationDispatcher.doForward(ApplicationDispatcher.java:384)
	at org.apache.catalina.core.ApplicationDispatcher.forward(ApplicationDispatcher.java:312)
	at com.avaya.sce.runtime.SCEServlet.forward(SCEServlet.java:1454)
	at com.avaya.sce.runtime.Data.handleRequest(Data.java:184)
	at com.avaya.sce.runtime.AppServlet.processRequest(AppServlet.java:96)
	at com.avaya.sce.runtime.SCEServlet.requestHandler(SCEServlet.java:247)
	at com.avaya.sce.runtime.SCEServlet.doPost(SCEServlet.java:148)
	at javax.servlet.http.HttpServlet.service(HttpServlet.java:660)
	at javax.servlet.http.HttpServlet.service(HttpServlet.java:741)
	at org.apache.catalina.core.ApplicationFilterChain.internalDoFilter(ApplicationFilterChain.java:231)
	at org.apache.catalina.core.ApplicationFilterChain.doFilter(ApplicationFilterChain.java:166)
	at org.apache.tomcat.websocket.server.WsFilter.doFilter(WsFilter.java:53)
	at org.apache.catalina.core.ApplicationFilterChain.internalDoFilter(ApplicationFilterChain.java:193)
	at org.apache.catalina.core.ApplicationFilterChain.doFilter(ApplicationFilterChain.java:166)
	at org.apache.catalina.core.ApplicationDispatcher.invoke(ApplicationDispatcher.java:712)
	at org.apache.catalina.core.ApplicationDispatcher.processRequest(ApplicationDispatcher.java:459)
	at org.apache.catalina.core.ApplicationDispatcher.doForward(ApplicationDispatcher.java:384)
	at org.apache.catalina.core.ApplicationDispatcher.forward(ApplicationDispatcher.java:312)
	at com.avaya.sce.runtime.SCEServlet.forward(SCEServlet.java:1454)
	at com.avaya.sce.runtime.Data.evaluateActions(Data.java:252)
	at flow.subflow.CheckAccountBalance.ApiFl.executeDataActions(ApiFl.java:81)
	at com.avaya.sce.runtime.Data.handleRequest(Data.java:121)
	at com.avaya.sce.runtime.AppServlet.processRequest(AppServlet.java:96)
	at com.avaya.sce.runtime.SCEServlet.requestHandler(SCEServlet.java:247)
	at com.avaya.sce.runtime.SCEServlet.doPost(SCEServlet.java:148)
	at javax.servlet.http.HttpServlet.service(HttpServlet.java:660)
	at javax.servlet.http.HttpServlet.service(HttpServlet.java:741)
	at org.apache.catalina.core.ApplicationFilterChain.internalDoFilter(ApplicationFilterChain.java:231)
	at org.apache.catalina.core.ApplicationFilterChain.doFilter(ApplicationFilterChain.java:166)
	at org.apache.tomcat.websocket.server.WsFilter.doFilter(WsFilter.java:53)
	at org.apache.catalina.core.ApplicationFilterChain.internalDoFilter(ApplicationFilterChain.java:193)
	at org.apache.catalina.core.ApplicationFilterChain.doFilter(ApplicationFilterChain.java:166)
	at org.apache.catalina.core.ApplicationDispatcher.invoke(ApplicationDispatcher.java:712)
	at org.apache.catalina.core.ApplicationDispatcher.processRequest(ApplicationDispatcher.java:459)
	at org.apache.catalina.core.ApplicationDispatcher.doForward(ApplicationDispatcher.java:384)
	at org.apache.catalina.core.ApplicationDispatcher.forward(ApplicationDispatcher.java:312)
	at com.avaya.sce.runtime.SCEServlet.forward(SCEServlet.java:1454)
	at com.avaya.sce.runtime.BasicServlet.handleRequest(BasicServlet.java:133)
	at com.avaya.sce.runtime.AppServlet.processRequest(AppServlet.java:96)
	at com.avaya.sce.runtime.SCEServlet.requestHandler(SCEServlet.java:247)
	at com.avaya.sce.runtime.SCEServlet.doPost(SCEServlet.java:148)
	at javax.servlet.http.HttpServlet.service(HttpServlet.java:660)
	at javax.servlet.http.HttpServlet.service(HttpServlet.java:741)
	at org.apache.catalina.core.ApplicationFilterChain.internalDoFilter(ApplicationFilterChain.java:231)
	at org.apache.catalina.core.ApplicationFilterChain.doFilter(ApplicationFilterChain.java:166)
	at org.apache.tomcat.websocket.server.WsFilter.doFilter(WsFilter.java:53)
	at org.apache.catalina.core.ApplicationFilterChain.internalDoFilter(ApplicationFilterChain.java:193)
	at org.apache.catalina.core.ApplicationFilterChain.doFilter(ApplicationFilterChain.java:166)
	at org.apache.catalina.core.StandardWrapperValve.invoke(StandardWrapperValve.java:202)
	at org.apache.catalina.core.StandardContextValve.invoke(StandardContextValve.java:96)
	at org.apache.catalina.authenticator.AuthenticatorBase.invoke(AuthenticatorBase.java:541)
	at org.apache.catalina.core.StandardHostValve.invoke(StandardHostValve.java:139)
	at org.apache.catalina.valves.ErrorReportValve.invoke(ErrorReportValve.java:92)
	at org.apache.catalina.valves.AbstractAccessLogValve.invoke(AbstractAccessLogValve.java:678)
	at org.apache.catalina.core.StandardEngineValve.invoke(StandardEngineValve.java:74)
	at org.apache.catalina.connector.CoyoteAdapter.service(CoyoteAdapter.java:343)
	at org.apache.coyote.http11.Http11Processor.service(Http11Processor.java:367)
	at org.apache.coyote.AbstractProcessorLight.process(AbstractProcessorLight.java:65)
	at org.apache.coyote.AbstractProtocol$ConnectionHandler.process(AbstractProtocol.java:860)
	at org.apache.tomcat.util.net.NioEndpoint$SocketProcessor.doRun(NioEndpoint.java:1598)
	at org.apache.tomcat.util.net.SocketProcessorBase.run(SocketProcessorBase.java:49)
	at java.util.concurrent.ThreadPoolExecutor.runWorker(Unknown Source)
	at java.util.concurrent.ThreadPoolExecutor$Worker.run(Unknown Source)
	at org.apache.tomcat.util.threads.TaskThread$WrappingRunnable.run(TaskThread.java:61)
	at java.lang.Thread.run(Unknown Source)
 | undefined
06/01/2024 13:36:20:095  INFO - In Progress | session id:sess6044391 | SampleBankingDynamic:AvayaDefaultDisconnectHandler | Default Disconnect Handler | Default connection.disconnect handler caught disconnect, application exiting |  |  | undefined
06/01/2024 14:51:43:698 ERROR - In Progress | session id:sess6580384 | SampleBankingDynamic:CheckAccountBalance-AnnBal |  | com.avaya.sce.runtimecommon.SCERuntimeException: Unable to get session variable: 45000.wav | Exception stack trace | Error processing request
 EXCEPTION> 
com.avaya.sce.runtimecommon.SCERuntimeException: Unable to get session variable: 45000.wav
	at com.avaya.sce.runtime.PhraseVariableElement.getPhrases(PhraseVariableElement.java:324)
	at com.avaya.sce.runtime.vxml.OutputGenerator.promptMiddle(OutputGenerator.java:1047)
	at com.avaya.sce.runtime.Prompt.generate(Prompt.java:279)
	at com.avaya.sce.runtime.Form.handleRequest(Form.java:263)
	at com.avaya.sce.runtime.AppDocument.processRequest(AppDocument.java:343)
	at com.avaya.sce.runtime.SCEServlet.requestHandler(SCEServlet.java:247)
	at com.avaya.sce.runtime.SCEServlet.doPost(SCEServlet.java:148)
	at javax.servlet.http.HttpServlet.service(HttpServlet.java:660)
	at javax.servlet.http.HttpServlet.service(HttpServlet.java:741)
	at org.apache.catalina.core.ApplicationFilterChain.internalDoFilter(ApplicationFilterChain.java:231)
	at org.apache.catalina.core.ApplicationFilterChain.doFilter(ApplicationFilterChain.java:166)
	at org.apache.tomcat.websocket.server.WsFilter.doFilter(WsFilter.java:53)
	at org.apache.catalina.core.ApplicationFilterChain.internalDoFilter(ApplicationFilterChain.java:193)
	at org.apache.catalina.core.ApplicationFilterChain.doFilter(ApplicationFilterChain.java:166)
	at org.apache.catalina.core.ApplicationDispatcher.invoke(ApplicationDispatcher.java:712)
	at org.apache.catalina.core.ApplicationDispatcher.processRequest(ApplicationDispatcher.java:459)
	at org.apache.catalina.core.ApplicationDispatcher.doForward(ApplicationDispatcher.java:384)
	at org.apache.catalina.core.ApplicationDispatcher.forward(ApplicationDispatcher.java:312)
	at com.avaya.sce.runtime.SCEServlet.forward(SCEServlet.java:1454)
	at com.avaya.sce.runtime.Data.handleRequest(Data.java:184)
	at com.avaya.sce.runtime.AppServlet.processRequest(AppServlet.java:96)
	at com.avaya.sce.runtime.SCEServlet.requestHandler(SCEServlet.java:247)
	at com.avaya.sce.runtime.SCEServlet.doPost(SCEServlet.java:148)
	at javax.servlet.http.HttpServlet.service(HttpServlet.java:660)
	at javax.servlet.http.HttpServlet.service(HttpServlet.java:741)
	at org.apache.catalina.core.ApplicationFilterChain.internalDoFilter(ApplicationFilterChain.java:231)
	at org.apache.catalina.core.ApplicationFilterChain.doFilter(ApplicationFilterChain.java:166)
	at org.apache.tomcat.websocket.server.WsFilter.doFilter(WsFilter.java:53)
	at org.apache.catalina.core.ApplicationFilterChain.internalDoFilter(ApplicationFilterChain.java:193)
	at org.apache.catalina.core.ApplicationFilterChain.doFilter(ApplicationFilterChain.java:166)
	at org.apache.catalina.core.ApplicationDispatcher.invoke(ApplicationDispatcher.java:712)
	at org.apache.catalina.core.ApplicationDispatcher.processRequest(ApplicationDispatcher.java:459)
	at org.apache.catalina.core.ApplicationDispatcher.doForward(ApplicationDispatcher.java:384)
	at org.apache.catalina.core.ApplicationDispatcher.forward(ApplicationDispatcher.java:312)
	at com.avaya.sce.runtime.SCEServlet.forward(SCEServlet.java:1454)
	at com.avaya.sce.runtime.Data.handleRequest(Data.java:184)
	at com.avaya.sce.runtime.AppServlet.processRequest(AppServlet.java:96)
	at com.avaya.sce.runtime.SCEServlet.requestHandler(SCEServlet.java:247)
	at com.avaya.sce.runtime.SCEServlet.doPost(SCEServlet.java:148)
	at javax.servlet.http.HttpServlet.service(HttpServlet.java:660)
	at javax.servlet.http.HttpServlet.service(HttpServlet.java:741)
	at org.apache.catalina.core.ApplicationFilterChain.internalDoFilter(ApplicationFilterChain.java:231)
	at org.apache.catalina.core.ApplicationFilterChain.doFilter(ApplicationFilterChain.java:166)
	at org.apache.tomcat.websocket.server.WsFilter.doFilter(WsFilter.java:53)
	at org.apache.catalina.core.ApplicationFilterChain.internalDoFilter(ApplicationFilterChain.java:193)
	at org.apache.catalina.core.ApplicationFilterChain.doFilter(ApplicationFilterChain.java:166)
	at org.apache.catalina.core.ApplicationDispatcher.invoke(ApplicationDispatcher.java:712)
	at org.apache.catalina.core.ApplicationDispatcher.processRequest(ApplicationDispatcher.java:459)
	at org.apache.catalina.core.ApplicationDispatcher.doForward(ApplicationDispatcher.java:384)
	at org.apache.catalina.core.ApplicationDispatcher.forward(ApplicationDispatcher.java:312)
	at com.avaya.sce.runtime.SCEServlet.forward(SCEServlet.java:1454)
	at com.avaya.sce.runtime.Data.evaluateActions(Data.java:252)
	at flow.subflow.CheckAccountBalance.ApiFl.executeDataActions(ApiFl.java:81)
	at com.avaya.sce.runtime.Data.handleRequest(Data.java:121)
	at com.avaya.sce.runtime.AppServlet.processRequest(AppServlet.java:96)
	at com.avaya.sce.runtime.SCEServlet.requestHandler(SCEServlet.java:247)
	at com.avaya.sce.runtime.SCEServlet.doPost(SCEServlet.java:148)
	at javax.servlet.http.HttpServlet.service(HttpServlet.java:660)
	at javax.servlet.http.HttpServlet.service(HttpServlet.java:741)
	at org.apache.catalina.core.ApplicationFilterChain.internalDoFilter(ApplicationFilterChain.java:231)
	at org.apache.catalina.core.ApplicationFilterChain.doFilter(ApplicationFilterChain.java:166)
	at org.apache.tomcat.websocket.server.WsFilter.doFilter(WsFilter.java:53)
	at org.apache.catalina.core.ApplicationFilterChain.internalDoFilter(ApplicationFilterChain.java:193)
	at org.apache.catalina.core.ApplicationFilterChain.doFilter(ApplicationFilterChain.java:166)
	at org.apache.catalina.core.ApplicationDispatcher.invoke(ApplicationDispatcher.java:712)
	at org.apache.catalina.core.ApplicationDispatcher.processRequest(ApplicationDispatcher.java:459)
	at org.apache.catalina.core.ApplicationDispatcher.doForward(ApplicationDispatcher.java:384)
	at org.apache.catalina.core.ApplicationDispatcher.forward(ApplicationDispatcher.java:312)
	at com.avaya.sce.runtime.SCEServlet.forward(SCEServlet.java:1454)
	at com.avaya.sce.runtime.BasicServlet.handleRequest(BasicServlet.java:133)
	at com.avaya.sce.runtime.AppServlet.processRequest(AppServlet.java:96)
	at com.avaya.sce.runtime.SCEServlet.requestHandler(SCEServlet.java:247)
	at com.avaya.sce.runtime.SCEServlet.doPost(SCEServlet.java:148)
	at javax.servlet.http.HttpServlet.service(HttpServlet.java:660)
	at javax.servlet.http.HttpServlet.service(HttpServlet.java:741)
	at org.apache.catalina.core.ApplicationFilterChain.internalDoFilter(ApplicationFilterChain.java:231)
	at org.apache.catalina.core.ApplicationFilterChain.doFilter(ApplicationFilterChain.java:166)
	at org.apache.tomcat.websocket.server.WsFilter.doFilter(WsFilter.java:53)
	at org.apache.catalina.core.ApplicationFilterChain.internalDoFilter(ApplicationFilterChain.java:193)
	at org.apache.catalina.core.ApplicationFilterChain.doFilter(ApplicationFilterChain.java:166)
	at org.apache.catalina.core.StandardWrapperValve.invoke(StandardWrapperValve.java:202)
	at org.apache.catalina.core.StandardContextValve.invoke(StandardContextValve.java:96)
	at org.apache.catalina.authenticator.AuthenticatorBase.invoke(AuthenticatorBase.java:541)
	at org.apache.catalina.core.StandardHostValve.invoke(StandardHostValve.java:139)
	at org.apache.catalina.valves.ErrorReportValve.invoke(ErrorReportValve.java:92)
	at org.apache.catalina.valves.AbstractAccessLogValve.invoke(AbstractAccessLogValve.java:678)
	at org.apache.catalina.core.StandardEngineValve.invoke(StandardEngineValve.java:74)
	at org.apache.catalina.connector.CoyoteAdapter.service(CoyoteAdapter.java:343)
	at org.apache.coyote.http11.Http11Processor.service(Http11Processor.java:367)
	at org.apache.coyote.AbstractProcessorLight.process(AbstractProcessorLight.java:65)
	at org.apache.coyote.AbstractProtocol$ConnectionHandler.process(AbstractProtocol.java:860)
	at org.apache.tomcat.util.net.NioEndpoint$SocketProcessor.doRun(NioEndpoint.java:1598)
	at org.apache.tomcat.util.net.SocketProcessorBase.run(SocketProcessorBase.java:49)
	at java.util.concurrent.ThreadPoolExecutor.runWorker(Unknown Source)
	at java.util.concurrent.ThreadPoolExecutor$Worker.run(Unknown Source)
	at org.apache.tomcat.util.threads.TaskThread$WrappingRunnable.run(TaskThread.java:61)
	at java.lang.Thread.run(Unknown Source)
 | undefined
06/01/2024 16:00:12:349  INFO - In Progress | session id:sess2369884 | SampleBankingDynamic:AvayaDefaultDisconnectHandler | Default Disconnect Handler | Default connection.disconnect handler caught disconnect, application exiting |  |  | undefined
06/01/2024 16:02:46:011  INFO - In Progress | session id:sess4376217 | SampleBankingDynamic:AvayaDefaultDisconnectHandler | Default Disconnect Handler | Default connection.disconnect handler caught disconnect, application exiting |  |  | undefined
06/01/2024 16:08:46:666  INFO - In Progress | session id:sess4931189 | SampleBankingDynamic:AvayaDefaultDisconnectHandler | Default Disconnect Handler | Default connection.disconnect handler caught disconnect, application exiting |  |  | undefined
06/01/2024 16:22:56:884  INFO - In Progress | session id:sess5950867 | SampleBankingDynamic:AvayaDefaultDisconnectHandler | Default Disconnect Handler | Default connection.disconnect handler caught disconnect, application exiting |  |  | undefined
06/01/2024 16:25:31:249  INFO - In Progress | session id:sess8035509 | SampleBankingDynamic:AvayaDefaultDisconnectHandler | Default Disconnect Handler | Default connection.disconnect handler caught disconnect, application exiting |  |  | undefined
06/01/2024 17:03:56:427  INFO - In Progress | session id:sess9167636 | SampleBankingDynamic:AvayaDefaultDisconnectHandler | Default Disconnect Handler | Default connection.disconnect handler caught disconnect, application exiting |  |  | undefined
06/01/2024 17:26:23:489  INFO - In Progress | session id:sess570544 | SampleBankingDynamic:AvayaDefaultDisconnectHandler | Default Disconnect Handler | Default connection.disconnect handler caught disconnect, application exiting |  |  | undefined
06/01/2024 17:26:42:224  INFO - In Progress | session id:sess9594145 | SampleBankingDynamic:AvayaDefaultDisconnectHandler | Default Disconnect Handler | Default connection.disconnect handler caught disconnect, application exiting |  |  | undefined
06/01/2024 17:31:08:520  INFO - In Progress | session id:sess1063744 | SampleBankingDynamic:AvayaDefaultDisconnectHandler | Default Disconnect Handler | Default connection.disconnect handler caught disconnect, application exiting |  |  | undefined
08/01/2024 11:58:59:439  INFO - In Progress | session id:sess5586084 | SampleBankingDynamic:AvayaDefaultDisconnectHandler | Default Disconnect Handler | Default connection.disconnect handler caught disconnect, application exiting |  |  | undefined
08/01/2024 12:24:27:852  INFO - In Progress | session id:sess5132618 | SampleBankingDynamic:AvayaDefaultDisconnectHandler | Default Disconnect Handler | Default connection.disconnect handler caught disconnect, application exiting |  |  | undefined
08/01/2024 12:27:58:800  INFO - In Progress | session id:sess1058237 | SampleBankingDynamic:AvayaDefaultDisconnectHandler | Default Disconnect Handler | Default connection.disconnect handler caught disconnect, application exiting |  |  | undefined
08/01/2024 12:34:16:088  INFO - In Progress | session id:sess1141988 | SampleBankingDynamic:AvayaDefaultDisconnectHandler | Default Disconnect Handler | Default connection.disconnect handler caught disconnect, application exiting |  |  | undefined
08/01/2024 12:52:02:374  INFO - In Progress | session id:sess8864492 | SampleBankingDynamic:AvayaDefaultDisconnectHandler | Default Disconnect Handler | Default connection.disconnect handler caught disconnect, application exiting |  |  | undefined
08/01/2024 12:53:22:910  INFO - In Progress | session id:sess9699991 | SampleBankingDynamic:AvayaDefaultDisconnectHandler | Default Disconnect Handler | Default connection.disconnect handler caught disconnect, application exiting |  |  | undefined
08/01/2024 13:33:08:700  INFO - In Progress | session id:sess2827759 | SampleBankingDynamic:AvayaDefaultDisconnectHandler | Default Disconnect Handler | Default connection.disconnect handler caught disconnect, application exiting |  |  | undefined
08/01/2024 15:42:34:140  INFO - In Progress | session id:sess8225349 | SampleBankingDynamic:AvayaDefaultDisconnectHandler | Default Disconnect Handler | Default connection.disconnect handler caught disconnect, application exiting |  |  | undefined
08/01/2024 15:46:39:664  INFO - In Progress | session id:sess5589520 | SampleBankingDynamic:AvayaDefaultDisconnectHandler | Default Disconnect Handler | Default connection.disconnect handler caught disconnect, application exiting |  |  | undefined
08/01/2024 17:22:57:395  INFO - In Progress | session id:sess2521521 | SampleBankingDynamic:AvayaDefaultDisconnectHandler | Default Disconnect Handler | Default connection.disconnect handler caught disconnect, application exiting |  |  | undefined
08/01/2024 17:59:44:196 ERROR - In Progress | session id:sess9492796 | SampleBankingDynamic:UserInput |  | java.lang.ArrayIndexOutOfBoundsException: 1 | Exception stack trace | Error processing request
 EXCEPTION> 
java.lang.ArrayIndexOutOfBoundsException: 1
	at flow.UserInput.requestBegin(UserInput.java:74)
	at com.avaya.sce.runtime.AppServlet.processRequest(AppServlet.java:81)
	at com.avaya.sce.runtime.SCEServlet.requestHandler(SCEServlet.java:247)
	at com.avaya.sce.runtime.SCEServlet.doPost(SCEServlet.java:148)
	at javax.servlet.http.HttpServlet.service(HttpServlet.java:660)
	at javax.servlet.http.HttpServlet.service(HttpServlet.java:741)
	at org.apache.catalina.core.ApplicationFilterChain.internalDoFilter(ApplicationFilterChain.java:231)
	at org.apache.catalina.core.ApplicationFilterChain.doFilter(ApplicationFilterChain.java:166)
	at org.apache.tomcat.websocket.server.WsFilter.doFilter(WsFilter.java:53)
	at org.apache.catalina.core.ApplicationFilterChain.internalDoFilter(ApplicationFilterChain.java:193)
	at org.apache.catalina.core.ApplicationFilterChain.doFilter(ApplicationFilterChain.java:166)
	at org.apache.catalina.core.StandardWrapperValve.invoke(StandardWrapperValve.java:202)
	at org.apache.catalina.core.StandardContextValve.invoke(StandardContextValve.java:96)
	at org.apache.catalina.authenticator.AuthenticatorBase.invoke(AuthenticatorBase.java:541)
	at org.apache.catalina.core.StandardHostValve.invoke(StandardHostValve.java:139)
	at org.apache.catalina.valves.ErrorReportValve.invoke(ErrorReportValve.java:92)
	at org.apache.catalina.valves.AbstractAccessLogValve.invoke(AbstractAccessLogValve.java:678)
	at org.apache.catalina.core.StandardEngineValve.invoke(StandardEngineValve.java:74)
	at org.apache.catalina.connector.CoyoteAdapter.service(CoyoteAdapter.java:343)
	at org.apache.coyote.http11.Http11Processor.service(Http11Processor.java:367)
	at org.apache.coyote.AbstractProcessorLight.process(AbstractProcessorLight.java:65)
	at org.apache.coyote.AbstractProtocol$ConnectionHandler.process(AbstractProtocol.java:860)
	at org.apache.tomcat.util.net.NioEndpoint$SocketProcessor.doRun(NioEndpoint.java:1598)
	at org.apache.tomcat.util.net.SocketProcessorBase.run(SocketProcessorBase.java:49)
	at java.util.concurrent.ThreadPoolExecutor.runWorker(Unknown Source)
	at java.util.concurrent.ThreadPoolExecutor$Worker.run(Unknown Source)
	at org.apache.tomcat.util.threads.TaskThread$WrappingRunnable.run(TaskThread.java:61)
	at java.lang.Thread.run(Unknown Source)
 | undefined
08/01/2024 18:01:30:590 ERROR - In Progress | session id:sess7153423 | SampleBankingDynamic:UserInput |  | java.lang.ArrayIndexOutOfBoundsException: 1 | Exception stack trace | Error processing request
 EXCEPTION> 
java.lang.ArrayIndexOutOfBoundsException: 1
	at flow.UserInput.requestBegin(UserInput.java:74)
	at com.avaya.sce.runtime.AppServlet.processRequest(AppServlet.java:81)
	at com.avaya.sce.runtime.SCEServlet.requestHandler(SCEServlet.java:247)
	at com.avaya.sce.runtime.SCEServlet.doPost(SCEServlet.java:148)
	at javax.servlet.http.HttpServlet.service(HttpServlet.java:660)
	at javax.servlet.http.HttpServlet.service(HttpServlet.java:741)
	at org.apache.catalina.core.ApplicationFilterChain.internalDoFilter(ApplicationFilterChain.java:231)
	at org.apache.catalina.core.ApplicationFilterChain.doFilter(ApplicationFilterChain.java:166)
	at org.apache.tomcat.websocket.server.WsFilter.doFilter(WsFilter.java:53)
	at org.apache.catalina.core.ApplicationFilterChain.internalDoFilter(ApplicationFilterChain.java:193)
	at org.apache.catalina.core.ApplicationFilterChain.doFilter(ApplicationFilterChain.java:166)
	at org.apache.catalina.core.StandardWrapperValve.invoke(StandardWrapperValve.java:202)
	at org.apache.catalina.core.StandardContextValve.invoke(StandardContextValve.java:96)
	at org.apache.catalina.authenticator.AuthenticatorBase.invoke(AuthenticatorBase.java:541)
	at org.apache.catalina.core.StandardHostValve.invoke(StandardHostValve.java:139)
	at org.apache.catalina.valves.ErrorReportValve.invoke(ErrorReportValve.java:92)
	at org.apache.catalina.valves.AbstractAccessLogValve.invoke(AbstractAccessLogValve.java:678)
	at org.apache.catalina.core.StandardEngineValve.invoke(StandardEngineValve.java:74)
	at org.apache.catalina.connector.CoyoteAdapter.service(CoyoteAdapter.java:343)
	at org.apache.coyote.http11.Http11Processor.service(Http11Processor.java:367)
	at org.apache.coyote.AbstractProcessorLight.process(AbstractProcessorLight.java:65)
	at org.apache.coyote.AbstractProtocol$ConnectionHandler.process(AbstractProtocol.java:860)
	at org.apache.tomcat.util.net.NioEndpoint$SocketProcessor.doRun(NioEndpoint.java:1598)
	at org.apache.tomcat.util.net.SocketProcessorBase.run(SocketProcessorBase.java:49)
	at java.util.concurrent.ThreadPoolExecutor.runWorker(Unknown Source)
	at java.util.concurrent.ThreadPoolExecutor$Worker.run(Unknown Source)
	at org.apache.tomcat.util.threads.TaskThread$WrappingRunnable.run(TaskThread.java:61)
	at java.lang.Thread.run(Unknown Source)
 | undefined
08/01/2024 18:02:48:948 ERROR - In Progress | session id:sess1089423 | SampleBankingDynamic:UserInput |  | java.lang.ArrayIndexOutOfBoundsException: 1 | Exception stack trace | Error processing request
 EXCEPTION> 
java.lang.ArrayIndexOutOfBoundsException: 1
	at flow.UserInput.requestBegin(UserInput.java:74)
	at com.avaya.sce.runtime.AppServlet.processRequest(AppServlet.java:81)
	at com.avaya.sce.runtime.SCEServlet.requestHandler(SCEServlet.java:247)
	at com.avaya.sce.runtime.SCEServlet.doPost(SCEServlet.java:148)
	at javax.servlet.http.HttpServlet.service(HttpServlet.java:660)
	at javax.servlet.http.HttpServlet.service(HttpServlet.java:741)
	at org.apache.catalina.core.ApplicationFilterChain.internalDoFilter(ApplicationFilterChain.java:231)
	at org.apache.catalina.core.ApplicationFilterChain.doFilter(ApplicationFilterChain.java:166)
	at org.apache.tomcat.websocket.server.WsFilter.doFilter(WsFilter.java:53)
	at org.apache.catalina.core.ApplicationFilterChain.internalDoFilter(ApplicationFilterChain.java:193)
	at org.apache.catalina.core.ApplicationFilterChain.doFilter(ApplicationFilterChain.java:166)
	at org.apache.catalina.core.StandardWrapperValve.invoke(StandardWrapperValve.java:202)
	at org.apache.catalina.core.StandardContextValve.invoke(StandardContextValve.java:96)
	at org.apache.catalina.authenticator.AuthenticatorBase.invoke(AuthenticatorBase.java:541)
	at org.apache.catalina.core.StandardHostValve.invoke(StandardHostValve.java:139)
	at org.apache.catalina.valves.ErrorReportValve.invoke(ErrorReportValve.java:92)
	at org.apache.catalina.valves.AbstractAccessLogValve.invoke(AbstractAccessLogValve.java:678)
	at org.apache.catalina.core.StandardEngineValve.invoke(StandardEngineValve.java:74)
	at org.apache.catalina.connector.CoyoteAdapter.service(CoyoteAdapter.java:343)
	at org.apache.coyote.http11.Http11Processor.service(Http11Processor.java:367)
	at org.apache.coyote.AbstractProcessorLight.process(AbstractProcessorLight.java:65)
	at org.apache.coyote.AbstractProtocol$ConnectionHandler.process(AbstractProtocol.java:860)
	at org.apache.tomcat.util.net.NioEndpoint$SocketProcessor.doRun(NioEndpoint.java:1598)
	at org.apache.tomcat.util.net.SocketProcessorBase.run(SocketProcessorBase.java:49)
	at java.util.concurrent.ThreadPoolExecutor.runWorker(Unknown Source)
	at java.util.concurrent.ThreadPoolExecutor$Worker.run(Unknown Source)
	at org.apache.tomcat.util.threads.TaskThread$WrappingRunnable.run(TaskThread.java:61)
	at java.lang.Thread.run(Unknown Source)
 | undefined
08/01/2024 18:06:01:195  INFO - In Progress | session id:sess1591026 | SampleBankingDynamic:AvayaDefaultDisconnectHandler | Default Disconnect Handler | Default connection.disconnect handler caught disconnect, application exiting |  |  | undefined
08/01/2024 18:18:43:021  INFO - In Progress | session id:sess954028 | SampleBankingDynamic:AvayaDefaultDisconnectHandler | Default Disconnect Handler | Default connection.disconnect handler caught disconnect, application exiting |  |  | undefined
08/01/2024 18:19:23:721  INFO - In Progress | session id:sess3070052 | SampleBankingDynamic:AvayaDefaultDisconnectHandler | Default Disconnect Handler | Default connection.disconnect handler caught disconnect, application exiting |  |  | undefined
08/01/2024 18:24:16:019  INFO - In Progress | session id:sess7548678 | SampleBankingDynamic:AvayaDefaultDisconnectHandler | Default Disconnect Handler | Default connection.disconnect handler caught disconnect, application exiting |  |  | undefined
08/01/2024 18:36:30:294  INFO - In Progress | session id:sess2220520 | SampleBankingDynamic:AvayaDefaultDisconnectHandler | Default Disconnect Handler | Default connection.disconnect handler caught disconnect, application exiting |  |  | undefined
08/01/2024 18:39:22:558  INFO - In Progress | session id:sess64167 | SampleBankingDynamic:AvayaDefaultDisconnectHandler | Default Disconnect Handler | Default connection.disconnect handler caught disconnect, application exiting |  |  | undefined
09/01/2024 11:00:22:057  INFO - In Progress | session id:sess9904859 | SampleBankingDynamic:AvayaDefaultDisconnectHandler | Default Disconnect Handler | Default connection.disconnect handler caught disconnect, application exiting |  |  | undefined
09/01/2024 11:41:25:920  INFO - In Progress | session id:sess7745482 | SampleBankingDynamic:AvayaDefaultDisconnectHandler | Default Disconnect Handler | Default connection.disconnect handler caught disconnect, application exiting |  |  | undefined
09/01/2024 11:56:08:918 ERROR - In Progress | session id:sess5976204 | SampleBankingDynamic:GlobalMenu-MenuInput |  | com.avaya.sce.runtimecommon.SCERuntimeException: Invalid Data Collection in form MenuInput, missing reference to next flow node | Exception stack trace | Error processing request
 EXCEPTION> 
com.avaya.sce.runtimecommon.SCERuntimeException: Invalid Data Collection in form MenuInput, missing reference to next flow node
	at com.avaya.sce.runtimecommon.SCESession.throwRTException(SCESession.java:2622)
	at com.avaya.sce.runtime.Data.handleRequest(Data.java:147)
	at com.avaya.sce.runtime.AppServlet.processRequest(AppServlet.java:96)
	at com.avaya.sce.runtime.SCEServlet.requestHandler(SCEServlet.java:247)
	at com.avaya.sce.runtime.SCEServlet.doPost(SCEServlet.java:148)
	at javax.servlet.http.HttpServlet.service(HttpServlet.java:660)
	at javax.servlet.http.HttpServlet.service(HttpServlet.java:741)
	at org.apache.catalina.core.ApplicationFilterChain.internalDoFilter(ApplicationFilterChain.java:231)
	at org.apache.catalina.core.ApplicationFilterChain.doFilter(ApplicationFilterChain.java:166)
	at org.apache.tomcat.websocket.server.WsFilter.doFilter(WsFilter.java:53)
	at org.apache.catalina.core.ApplicationFilterChain.internalDoFilter(ApplicationFilterChain.java:193)
	at org.apache.catalina.core.ApplicationFilterChain.doFilter(ApplicationFilterChain.java:166)
	at org.apache.catalina.core.StandardWrapperValve.invoke(StandardWrapperValve.java:202)
	at org.apache.catalina.core.StandardContextValve.invoke(StandardContextValve.java:96)
	at org.apache.catalina.authenticator.AuthenticatorBase.invoke(AuthenticatorBase.java:541)
	at org.apache.catalina.core.StandardHostValve.invoke(StandardHostValve.java:139)
	at org.apache.catalina.valves.ErrorReportValve.invoke(ErrorReportValve.java:92)
	at org.apache.catalina.valves.AbstractAccessLogValve.invoke(AbstractAccessLogValve.java:678)
	at org.apache.catalina.core.StandardEngineValve.invoke(StandardEngineValve.java:74)
	at org.apache.catalina.connector.CoyoteAdapter.service(CoyoteAdapter.java:343)
	at org.apache.coyote.http11.Http11Processor.service(Http11Processor.java:367)
	at org.apache.coyote.AbstractProcessorLight.process(AbstractProcessorLight.java:65)
	at org.apache.coyote.AbstractProtocol$ConnectionHandler.process(AbstractProtocol.java:860)
	at org.apache.tomcat.util.net.NioEndpoint$SocketProcessor.doRun(NioEndpoint.java:1598)
	at org.apache.tomcat.util.net.SocketProcessorBase.run(SocketProcessorBase.java:49)
	at java.util.concurrent.ThreadPoolExecutor.runWorker(Unknown Source)
	at java.util.concurrent.ThreadPoolExecutor$Worker.run(Unknown Source)
	at org.apache.tomcat.util.threads.TaskThread$WrappingRunnable.run(TaskThread.java:61)
	at java.lang.Thread.run(Unknown Source)
 | undefined
09/01/2024 12:18:02:999  INFO - In Progress | session id:sess2330899 | SampleBankingDynamic:AvayaDefaultDisconnectHandler | Default Disconnect Handler | Default connection.disconnect handler caught disconnect, application exiting |  |  | undefined
09/01/2024 14:37:09:295  INFO - In Progress | session id:sess1898061 | SampleBankingDynamic:AvayaDefaultDisconnectHandler | Default Disconnect Handler | Default connection.disconnect handler caught disconnect, application exiting |  |  | undefined
09/01/2024 15:10:43:579  INFO - In Progress | session id:sess1247029 | SampleBankingDynamic:AvayaDefaultDisconnectHandler | Default Disconnect Handler | Default connection.disconnect handler caught disconnect, application exiting |  |  | undefined
09/01/2024 15:21:40:876  INFO - In Progress | session id:sess5307072 | SampleBankingDynamic:AvayaDefaultDisconnectHandler | Default Disconnect Handler | Default connection.disconnect handler caught disconnect, application exiting |  |  | undefined
09/01/2024 15:42:50:313  INFO - In Progress | session id:sess6239005 | SampleBankingDynamic:AvayaDefaultDisconnectHandler | Default Disconnect Handler | Default connection.disconnect handler caught disconnect, application exiting |  |  | undefined
09/01/2024 16:19:52:371  INFO - In Progress | session id:sess3154477 | SampleBankingDynamic:AvayaDefaultDisconnectHandler | Default Disconnect Handler | Default connection.disconnect handler caught disconnect, application exiting |  |  | undefined
09/01/2024 18:03:09:881  INFO - In Progress | session id:sess3693328 | SampleBankingDynamic:AvayaDefaultDisconnectHandler | Default Disconnect Handler | Default connection.disconnect handler caught disconnect, application exiting |  |  | undefined
09/01/2024 18:44:18:950  INFO - In Progress | session id:sess9471140 | SampleBankingDynamic:AvayaDefaultDisconnectHandler | Default Disconnect Handler | Default connection.disconnect handler caught disconnect, application exiting |  |  | undefined
